0 info it worked if it ends with ok
1 verbose cli [ '/usr/local/bin/node', '/usr/local/bin/npm', 'i', 'https' ]
2 info using npm@1.4.3
3 info using node@v0.10.26
4 warn package.json lavico@0.1.0 No repository field.
5 verbose readDependencies using package.json deps
6 verbose cache add [ 'https', null ]
7 verbose cache add name=undefined spec="https" args=["https",null]
8 verbose parsed url { protocol: null,
8 verbose parsed url   slashes: null,
8 verbose parsed url   auth: null,
8 verbose parsed url   host: null,
8 verbose parsed url   port: null,
8 verbose parsed url   hostname: null,
8 verbose parsed url   hash: null,
8 verbose parsed url   search: null,
8 verbose parsed url   query: null,
8 verbose parsed url   pathname: 'https',
8 verbose parsed url   path: 'https',
8 verbose parsed url   href: 'https' }
9 silly lockFile c3437dbc-https https
10 verbose lock https /home/zf/.npm/c3437dbc-https.lock
11 silly lockFile c3437dbc-https https
12 silly lockFile c3437dbc-https https
13 verbose addNamed [ 'https', '' ]
14 verbose addNamed [ null, '*' ]
15 silly lockFile 421d451a-https https@
16 verbose lock https@ /home/zf/.npm/421d451a-https.lock
17 silly addNameRange { name: 'https', range: '*', hasData: false }
18 verbose url raw https
19 verbose url resolving [ 'https://registry.npmjs.org/', './https' ]
20 verbose url resolved https://registry.npmjs.org/https
21 info trying registry request attempt 1 at 18:42:14
22 http GET https://registry.npmjs.org/https
23 http 404 https://registry.npmjs.org/https
24 silly registry.get cb [ 404,
24 silly registry.get   { date: 'Wed, 15 Oct 2014 10:42:17 GMT',
24 silly registry.get     server: 'CouchDB/1.5.0 (Erlang OTP/R16B03)',
24 silly registry.get     'content-type': 'application/json',
24 silly registry.get     'cache-control': 'max-age=0',
24 silly registry.get     'content-length': '52',
24 silly registry.get     'accept-ranges': 'bytes',
24 silly registry.get     via: '1.1 varnish',
24 silly registry.get     age: '0',
24 silly registry.get     'x-served-by': 'cache-ty66-TYO',
24 silly registry.get     'x-cache': 'MISS',
24 silly registry.get     'x-cache-hits': '0',
24 silly registry.get     'x-timer': 'S1413369737.110621,VS0,VE119',
24 silly registry.get     'keep-alive': 'timeout=10, max=50',
24 silly registry.get     connection: 'Keep-Alive' } ]
25 silly lockFile 421d451a-https https@
26 silly lockFile 421d451a-https https@
27 error 404 'https' is not in the npm registry.
27 error 404 You should bug the author to publish it
27 error 404 It was specified as a dependency of 'lavico'
27 error 404
27 error 404 Note that you can also install from a
27 error 404 tarball, folder, or http url, or git url.
28 error System Linux 3.11.0-18-generic
29 error command "/usr/local/bin/node" "/usr/local/bin/npm" "i" "https"
30 error cwd /home/zf/zy/备份/0529/welab.com/node_modules/lavico
31 error node -v v0.10.26
32 error npm -v 1.4.3
33 error code E404
34 verbose exit [ 1, true ]
